Case #1: X: 0 Y: 1 Direction: North
Case #1: X: 0 Y: -1 Direction: North
Case #1: X: 0 Y: 0 Direction: East
Case #1: X: 0 Y: 0 Direction: West
Case #1: X: 0 Y: 4 Direction: North
Case #1: X: 0 Y: -4 Direction: North
Case #1: X: 0 Y: 0 Direction: West
Case #1: X: 0 Y: 0 Direction: East
Case #1: X: 4 Y: 3 Direction: North
Case #1: X: -4 Y: -3 Direction: North
Case #1: X: -2 Y: -2 Direction: West
Case #1: X: 0 Y: 999 Direction: North
Case #1: X: 0 Y: -999 Direction: North
Case #1: X: 0 Y: 0 Direction: East
Case #1: X: 0 Y: 0 Direction: West
Case #1: X: 0 Y: 0 Direction: South
Case #1: X: 0 Y: 555 Direction: South
Case #1: X: 0 Y: 1000 Direction: North
Case #1: X: 0 Y: 742 Direction: North
Case #1: X: 0 Y: -599 Direction: North
Case #1: X: 4 Y: 3 Direction: North
Case #1: X: 7 Y: -12 Direction: South
Case #1: X: -210 Y: -150 Direction: West
Case #1: X: -99 Y: 88 Direction: East
Case #1: X: 1000000 Y: 55555 Direction: East
Case #1: X: -80000 Y: 0 Direction: West
Case #1: X: 0 Y: 0 Direction: North
